<?xml version="1.0" encoding="UTF-8"?>
<testsuite name="datastructures.DynamicArrayTest" tests="1" skipped="1" failures="0" errors="0" timestamp="2020-03-19T01:20:15" hostname="andregomes" time="62461.655">
  <properties/>
  <testcase name="shouldDeleteFromArray" classname="datastructures.DynamicArrayTest" time="62461.655">
    <skipped/>
  </testcase>
  <system-out><![CDATA[]]></system-out>
  <system-err><![CDATA[]]></system-err>
</testsuite>
